<?xml version="1.0" encoding="UTF-8"?>
<testsuite xmlns:xsi="http://www.w3.org/2001/XMLSchema-instance" xsi:noNamespaceSchemaLocation="https://maven.apache.org/surefire/maven-surefire-plugin/xsd/surefire-test-report-3.0.xsd" version="3.0" name="sim.explainer.library.util.syntaxanalyzer.ALCDisjunctionSplitterHandlerTest" time="0.02" tests="6" errors="0" skipped="0" failures="0">
  <properties>
[...]
</properties>
  <testcase name="manchester_nestedParensNotMistakenForTopLevelSplit" classname="sim.explainer.library.util.syntaxanalyzer.ALCDisjunctionSplitterHandlerTest" time="0.01"/>
  <testcase name="manchester_fourDisjuncts_splitsCorrectly" classname="sim.explainer.library.util.syntaxanalyzer.ALCDisjunctionSplitterHandlerTest" time="0"/>
  <testcase name="manchester_noTopLevelOr_returnsSingleton" classname="sim.explainer.library.util.syntaxanalyzer.ALCDisjunctionSplitterHandlerTest" time="0.001"/>
  <testcase name="manchester_twoDisjuncts_splitsCorrectly" classname="sim.explainer.library.util.syntaxanalyzer.ALCDisjunctionSplitterHandlerTest" time="0.001"/>
  <testcase name="krss_noTopLevelOr_returnsSingleton" classname="sim.explainer.library.util.syntaxanalyzer.ALCDisjunctionSplitterHandlerTest" time="0"/>
  <testcase name="krss_prefixOrForm_splitsCorrectly" classname="sim.explainer.library.util.syntaxanalyzer.ALCDisjunctionSplitterHandlerTest" time="0"/>
</testsuite>